<?xml version="1.0" encoding="UTF-8"?>
<!-- Generated by org.testng.reporters.JUnitXMLReporter -->
<testsuite ignored="1" hostname="DESKTOP-1FBI19U" failures="0" tests="1" name="Error Validations Test" time="7.877" errors="0" timestamp="2025-05-02T15:36:48 EDT">
  <testcase classname="CompleteSeleniumFramework.Tests.ErrorValidations" name="logInErrorValidation" time="0.728"/>
  <testcase classname="CompleteSeleniumFramework.Tests.ErrorValidations" name="ProductErrorValidation" time="0.0">
    <ignored/>
  </testcase> <!-- ProductErrorValidation -->
</testsuite> <!-- Error Validations Test -->
