<?xml version="1.0" encoding="UTF-8"?>
<!-- Generated by org.testng.reporters.JUnitXMLReporter -->
<testsuite ignored="0" hostname="DESKTOP-1FBI19U" failures="0" tests="2" name="Error Validations Test" time="26.145" errors="0" timestamp="2025-05-07T10:48:48 EDT">
  <testcase classname="CompleteSeleniumFramework.Tests.ErrorValidations" name="ProductErrorValidation" time="4.227"/>
  <testcase classname="CompleteSeleniumFramework.Tests.ErrorValidations" name="logInErrorValidation" time="1.351"/>
</testsuite> <!-- Error Validations Test -->
