<?xml version="1.0" encoding="UTF-8"?>
<!-- Generated by org.testng.reporters.JUnitXMLReporter -->
<testsuite ignored="0" hostname="DESKTOP-1FBI19U" failures="0" tests="3" name="Submit Order Test" time="39.989" errors="0" timestamp="2025-05-07T10:49:01 EDT">
  <testcase classname="CompleteSeleniumFramework.Tests.SubmitOrderTest" name="submitOrder" time="6.18"/>
  <testcase classname="CompleteSeleniumFramework.Tests.SubmitOrderTest" name="submitOrder" time="5.081"/>
  <testcase classname="CompleteSeleniumFramework.Tests.SubmitOrderTest" name="OrderHistoryTest" time="1.39"/>
</testsuite> <!-- Submit Order Test -->
